<?xml version="1.0" encoding="UTF-8"?>
<testsuite xmlns:xsi="http://www.w3.org/2001/XMLSchema-instance" xsi:noNamespaceSchemaLocation="https://maven.apache.org/surefire/maven-surefire-plugin/xsd/surefire-test-report.xsd" name="SimpleCalculatorTest" time="0.05" tests="14" errors="0" skipped="0" failures="2">
  <properties>
[...]
</properties>
  <testcase name="divisionByZeroTest" classname="SimpleCalculatorTest" time="0.015"/>
  <testcase name="divisionTest" classname="SimpleCalculatorTest" time="0.002"/>
  <testcase name="multiplicationTest_WithDecimals" classname="SimpleCalculatorTest" time="0.001"/>
  <testcase name="singleDigitTest" classname="SimpleCalculatorTest" time="0.002"/>
  <testcase name="complexExpressionTest1" classname="SimpleCalculatorTest" time="0.001"/>
  <testcase name="complexExpressionTest2" classname="SimpleCalculatorTest" time="0.007">
    <failure message="expected: &lt;9.32767&gt; but was: &lt;-14.67233&gt;" type="org.opentest4j.AssertionFailedError"><![CDATA[org.opentest4j.AssertionFailedError: expected: <9.32767> but was: <-14.67233>
	at SimpleCalculatorTest.complexExpressionTest2(SimpleCalculatorTest.java:134)
]]></failure>
  </testcase>
  <testcase name="complexExpressionTest3" classname="SimpleCalculatorTest" time="0.001"/>
  <testcase name="complexExpressionTest4" classname="SimpleCalculatorTest" time="0.002">
    <failure message="expected: &lt;0.7558933973798654&gt; but was: &lt;5.234743337336241&gt;" type="org.opentest4j.AssertionFailedError"><![CDATA[org.opentest4j.AssertionFailedError: expected: <0.7558933973798654> but was: <5.234743337336241>
	at SimpleCalculatorTest.complexExpressionTest4(SimpleCalculatorTest.java:152)
]]></failure>
  </testcase>
  <testcase name="additionTest" classname="SimpleCalculatorTest" time="0.001"/>
  <testcase name="multiplicationTest" classname="SimpleCalculatorTest" time="0"/>
  <testcase name="divisionTest_WithDecimals" classname="SimpleCalculatorTest" time="0"/>
  <testcase name="subtractionTest" classname="SimpleCalculatorTest" time="0.001"/>
  <testcase name="subtractionTest_WithDecimals" classname="SimpleCalculatorTest" time="0.001"/>
  <testcase name="additionTest_WithDecimals" classname="SimpleCalculatorTest" time="0"/>
</testsuite>