<?xml version="1.0" encoding="UTF-8"?>
<testsuite xmlns:xsi="http://www.w3.org/2001/XMLSchema-instance" xsi:noNamespaceSchemaLocation="https://maven.apache.org/surefire/maven-surefire-plugin/xsd/surefire-test-report.xsd" name="SimpleCalculatorTest" time="0.05" tests="14" errors="0" skipped="0" failures="2">
  <properties>
    <property name="gopherProxySet" value="false"/>
    <property name="awt.toolkit" value="sun.lwawt.macosx.LWCToolkit"/>
    <property name="java.specification.version" value="11"/>
    <property name="sun.cpu.isalist" value=""/>
    <property name="sun.jnu.encoding" value="UTF-8"/>
    <property name="java.class.path" value="/Users/dvaishnani/dev/machinecoding/Calculator/target/test-classes:/Users/dvaishnani/dev/machinecoding/Calculator/target/classes:/Users/dvaishnani/.m2/repository/org/junit/jupiter/junit-jupiter-api/5.7.0/junit-jupiter-api-5.7.0.jar:/Users/dvaishnani/.m2/repository/org/apiguardian/apiguardian-api/1.1.0/apiguardian-api-1.1.0.jar:/Users/dvaishnani/.m2/repository/org/opentest4j/opentest4j/1.2.0/opentest4j-1.2.0.jar:/Users/dvaishnani/.m2/repository/org/junit/platform/junit-platform-commons/1.7.0/junit-platform-commons-1.7.0.jar:/Users/dvaishnani/.m2/repository/org/junit/jupiter/junit-jupiter-engine/5.7.0/junit-jupiter-engine-5.7.0.jar:/Users/dvaishnani/.m2/repository/org/junit/platform/junit-platform-engine/1.7.0/junit-platform-engine-1.7.0.jar:/Users/dvaishnani/.m2/repository/org/mockito/mockito-inline/3.7.7/mockito-inline-3.7.7.jar:/Users/dvaishnani/.m2/repository/org/mockito/mockito-core/3.7.7/mockito-core-3.7.7.jar:/Users/dvaishnani/.m2/repository/net/bytebuddy/byte-buddy/1.10.19/byte-buddy-1.10.19.jar:/Users/dvaishnani/.m2/repository/net/bytebuddy/byte-buddy-agent/1.10.19/byte-buddy-agent-1.10.19.jar:/Users/dvaishnani/.m2/repository/org/objenesis/objenesis/3.1/objenesis-3.1.jar:/Users/dvaishnani/.m2/repository/org/mockito/mockito-junit-jupiter/3.7.7/mockito-junit-jupiter-3.7.7.jar:/Users/dvaishnani/.m2/repository/org/projectlombok/lombok/1.18.20/lombok-1.18.20.jar:"/>
    <property name="java.vm.vendor" value="Oracle Corporation"/>
    <property name="sun.arch.data.model" value="64"/>
    <property name="java.vendor.url" value="https://openjdk.java.net/"/>
    <property name="user.timezone" value=""/>
    <property name="java.vm.specification.version" value="11"/>
    <property name="os.name" value="Mac OS X"/>
    <property name="sun.java.launcher" value="SUN_STANDARD"/>
    <property name="user.country" value="US"/>
    <property name="sun.boot.library.path" value="/Library/Java/JavaVirtualMachines/jdk-11.0.10.jdk/Contents/Home/lib"/>
    <property name="sun.java.command" value="/Users/dvaishnani/dev/machinecoding/Calculator/target/surefire/surefirebooter863281550920688684.jar /Users/dvaishnani/dev/machinecoding/Calculator/target/surefire 2021-07-15T15-20-05_779-jvmRun1 surefire14481555311746090072tmp surefire_014232932050083557992tmp"/>
    <property name="jdk.debug" value="release"/>
    <property name="surefire.test.class.path" value="/Users/dvaishnani/dev/machinecoding/Calculator/target/test-classes:/Users/dvaishnani/dev/machinecoding/Calculator/target/classes:/Users/dvaishnani/.m2/repository/org/junit/jupiter/junit-jupiter-api/5.7.0/junit-jupiter-api-5.7.0.jar:/Users/dvaishnani/.m2/repository/org/apiguardian/apiguardian-api/1.1.0/apiguardian-api-1.1.0.jar:/Users/dvaishnani/.m2/repository/org/opentest4j/opentest4j/1.2.0/opentest4j-1.2.0.jar:/Users/dvaishnani/.m2/repository/org/junit/platform/junit-platform-commons/1.7.0/junit-platform-commons-1.7.0.jar:/Users/dvaishnani/.m2/repository/org/junit/jupiter/junit-jupiter-engine/5.7.0/junit-jupiter-engine-5.7.0.jar:/Users/dvaishnani/.m2/repository/org/junit/platform/junit-platform-engine/1.7.0/junit-platform-engine-1.7.0.jar:/Users/dvaishnani/.m2/repository/org/mockito/mockito-inline/3.7.7/mockito-inline-3.7.7.jar:/Users/dvaishnani/.m2/repository/org/mockito/mockito-core/3.7.7/mockito-core-3.7.7.jar:/Users/dvaishnani/.m2/repository/net/bytebuddy/byte-buddy/1.10.19/byte-buddy-1.10.19.jar:/Users/dvaishnani/.m2/repository/net/bytebuddy/byte-buddy-agent/1.10.19/byte-buddy-agent-1.10.19.jar:/Users/dvaishnani/.m2/repository/org/objenesis/objenesis/3.1/objenesis-3.1.jar:/Users/dvaishnani/.m2/repository/org/mockito/mockito-junit-jupiter/3.7.7/mockito-junit-jupiter-3.7.7.jar:/Users/dvaishnani/.m2/repository/org/projectlombok/lombok/1.18.20/lombok-1.18.20.jar:"/>
    <property name="sun.cpu.endian" value="little"/>
    <property name="user.home" value="/Users/dvaishnani"/>
    <property name="user.language" value="en"/>
    <property name="java.specification.vendor" value="Oracle Corporation"/>
    <property name="java.version.date" value="2021-01-19"/>
    <property name="java.home" value="/Library/Java/JavaVirtualMachines/jdk-11.0.10.jdk/Contents/Home"/>
    <property name="file.separator" value="/"/>
    <property name="basedir" value="/Users/dvaishnani/dev/machinecoding/Calculator"/>
    <property name="java.vm.compressedOopsMode" value="Zero based"/>
    <property name="line.separator" value="&#10;"/>
    <property name="java.specification.name" value="Java Platform API Specification"/>
    <property name="java.vm.specification.vendor" value="Oracle Corporation"/>
    <property name="java.awt.graphicsenv" value="sun.awt.CGraphicsEnvironment"/>
    <property name="surefire.real.class.path" value="/Users/dvaishnani/dev/machinecoding/Calculator/target/surefire/surefirebooter863281550920688684.jar"/>
    <property name="sun.management.compiler" value="HotSpot 64-Bit Tiered Compilers"/>
    <property name="java.runtime.version" value="11.0.10+8-LTS-162"/>
    <property name="user.name" value="dvaishnani"/>
    <property name="path.separator" value=":"/>
    <property name="os.version" value="10.15.7"/>
    <property name="java.runtime.name" value="Java(TM) SE Runtime Environment"/>
    <property name="file.encoding" value="UTF-8"/>
    <property name="java.vm.name" value="Java HotSpot(TM) 64-Bit Server VM"/>
    <property name="java.vendor.version" value="18.9"/>
    <property name="localRepository" value="/Users/dvaishnani/.m2/repository"/>
    <property name="java.vendor.url.bug" value="https://bugreport.java.com/bugreport/"/>
    <property name="java.io.tmpdir" value="/var/folders/yz/c4k398g92qdg2rp1h0xtd4_80000gp/T/"/>
    <property name="java.version" value="11.0.10"/>
    <property name="user.dir" value="/Users/dvaishnani/dev/machinecoding/Calculator"/>
    <property name="os.arch" value="x86_64"/>
    <property name="java.vm.specification.name" value="Java Virtual Machine Specification"/>
    <property name="java.awt.printerjob" value="sun.lwawt.macosx.CPrinterJob"/>
    <property name="sun.os.patch.level" value="unknown"/>
    <property name="java.library.path" value="/Users/dvaishnani/Library/Java/Extensions:/Library/Java/Extensions:/Network/Library/Java/Extensions:/System/Library/Java/Extensions:/usr/lib/java:."/>
    <property name="java.vendor" value="Oracle Corporation"/>
    <property name="java.vm.info" value="mixed mode"/>
    <property name="java.vm.version" value="11.0.10+8-LTS-162"/>
    <property name="sun.io.unicode.encoding" value="UnicodeBig"/>
    <property name="java.class.version" value="55.0"/>
  </properties>
  <testcase name="divisionByZeroTest" classname="SimpleCalculatorTest" time="0.015"/>
  <testcase name="divisionTest" classname="SimpleCalculatorTest" time="0.002"/>
  <testcase name="multiplicationTest_WithDecimals" classname="SimpleCalculatorTest" time="0.001"/>
  <testcase name="singleDigitTest" classname="SimpleCalculatorTest" time="0.002"/>
  <testcase name="complexExpressionTest1" classname="SimpleCalculatorTest" time="0.001"/>
  <testcase name="complexExpressionTest2" classname="SimpleCalculatorTest" time="0.007">
    <failure message="expected: &lt;9.32767&gt; but was: &lt;-14.67233&gt;" type="org.opentest4j.AssertionFailedError"><![CDATA[org.opentest4j.AssertionFailedError: expected: <9.32767> but was: <-14.67233>
	at SimpleCalculatorTest.complexExpressionTest2(SimpleCalculatorTest.java:134)
]]></failure>
  </testcase>
  <testcase name="complexExpressionTest3" classname="SimpleCalculatorTest" time="0.001"/>
  <testcase name="complexExpressionTest4" classname="SimpleCalculatorTest" time="0.002">
    <failure message="expected: &lt;0.7558933973798654&gt; but was: &lt;5.234743337336241&gt;" type="org.opentest4j.AssertionFailedError"><![CDATA[org.opentest4j.AssertionFailedError: expected: <0.7558933973798654> but was: <5.234743337336241>
	at SimpleCalculatorTest.complexExpressionTest4(SimpleCalculatorTest.java:152)
]]></failure>
  </testcase>
  <testcase name="additionTest" classname="SimpleCalculatorTest" time="0.001"/>
  <testcase name="multiplicationTest" classname="SimpleCalculatorTest" time="0"/>
  <testcase name="divisionTest_WithDecimals" classname="SimpleCalculatorTest" time="0"/>
  <testcase name="subtractionTest" classname="SimpleCalculatorTest" time="0.001"/>
  <testcase name="subtractionTest_WithDecimals" classname="SimpleCalculatorTest" time="0.001"/>
  <testcase name="additionTest_WithDecimals" classname="SimpleCalculatorTest" time="0"/>
</testsuite>